[debug] > Exec(early(addDefaultCommands), None, None)
[debug] > Exec(addDefaultCommands, None, None)
[debug] > Exec(early(initialize), None, None)
[debug] > Exec(initialize, None, None)
[debug] > Exec(boot, None, None)
[debug] > Exec(writeSbtVersion, None, None)
[debug] > Exec(reload, None, None)
[debug] > Exec(sbtStashOnFailure, None, None)
[debug] > Exec(onFailure loadFailed, None, None)
[debug] > Exec(loadp, None, None)
[info] welcome to sbt 1.8.2 (Oracle Corporation Java 19.0.1)
[debug] Load.defaultLoad until apply took 93.9676ms
[debug]           Load.loadUnit: plugins took 77.5747ms
[debug]           Load.loadUnit: defsScala took 0.3277ms
[debug] [Loading] Scanning directory C:\Users\Samni\Desktop\paradigms-project\functional\boardGames\project
[debug] [Loading] Found non-root projects 
[debug] [Loading] Done in C:\Users\Samni\Desktop\paradigms-project\functional\boardGames\project, returning: ()
[debug] deducing auto plugins based on known facts Set(Atom(sbt.plugins.CorePlugin)) and clauses Clauses(Clause(Atom(sbt.plugins.JvmPlugin),Set(Atom(sbt.plugins.IvyPlugin)))
[debug] Clause(Atom(sbt.ScriptedPlugin),Set(Atom(sbt.plugins.JvmPlugin)))
[debug] Clause(Atom(sbt.plugins.SbtPlugin),Set(Atom(sbt.ScriptedPlugin)))
[debug] Clause(Atom(sbt.plugins.SemanticdbPlugin),Set(Atom(sbt.plugins.JvmPlugin)))
[debug] Clause(Atom(sbt.plugins.JUnitXmlReportPlugin),Set(Atom(sbt.plugins.JvmPlugin)))
[debug] Clause(Atom(sbt.plugins.MiniDependencyTreePlugin),Set(Atom(sbt.plugins.JvmPlugin)))
[debug] Clause(Atom(sbt.plugins.CorePlugin),Set(Atom(sbt.plugins.IvyPlugin)))
[debug] Clause(Atom(sbt.plugins.IvyPlugin),Set(Atom(sbt.plugins.JvmPlugin)))
[debug] Clause(Atom(sbt.plugins.JvmPlugin),Set(Atom(sbt.plugins.SemanticdbPlugin)))
[debug] Clause(Atom(sbt.plugins.JvmPlugin),Set(Atom(sbt.plugins.JUnitXmlReportPlugin)))
[debug] Clause(Atom(sbt.plugins.CorePlugin),Set(Atom(sbt.plugins.Giter8TemplatePlugin)))
[debug] Clause(Atom(sbt.plugins.JvmPlugin),Set(Atom(sbt.plugins.MiniDependencyTreePlugin))))
[debug]   :: deduced result: Matched(sbt.plugins.CorePlugin,sbt.plugins.Giter8TemplatePlugin,sbt.plugins.IvyPlugin,sbt.plugins.JvmPlugin,sbt.plugins.MiniDependencyTreePlugin,sbt.plugins.JUnitXmlReportPlugin,sbt.plugins.SemanticdbPlugin)
[debug] Plugins.deducer#function took 21.1743 ms
[debug]               Load.resolveProject(boardgames-build) took 44.769ms
[debug]             Load.loadTransitive: finalizeProject(Project(id boardgames-build, base: C:\Users\Samni\Desktop\paradigms-project\functional\boardGames\project, plugins: List(<none>))) took 90.162ms
[debug] [Loading] Done in C:\Users\Samni\Desktop\paradigms-project\functional\boardGames\project, returning: (boardgames-build)
[debug]           Load.loadUnit: loadedProjectsRaw took 111.1827ms
[debug]           Load.loadUnit: cleanEvalClasses took 0.2555ms
[debug]         Load.loadUnit(file:/C:/Users/Samni/Desktop/paradigms-project/functional/boardGames/project/, ...) took 195.4889ms
[debug]       Load.apply: load took 386.7022ms
[debug]       Load.apply: resolveProjects took 6.0706ms
[debug]       Load.apply: finalTransforms took 59.5495ms
[debug]       Load.apply: config.delegates took 6.2469ms
[debug]       Load.apply: Def.make(settings)... took 294.8678ms
[debug]       Load.apply: structureIndex took 75.5546ms
[debug]       Load.apply: mkStreams took 1.2656ms
[info] loading project definition from C:\Users\Samni\Desktop\paradigms-project\functional\boardGames\project
[debug] Running task... Cancel: Signal, check cycles: false, forcegc: true
[debug]     Load.loadUnit: plugins took 2295.0369ms
[debug]     Load.loadUnit: defsScala took 0.0021ms
[debug] [Loading] Scanning directory C:\Users\Samni\Desktop\paradigms-project\functional\boardGames
[debug]       Load.loadUnit: mkEval took 3.859ms
